<?xml version="1.0" encoding="UTF-8"?>
<testng-results ignored="0" total="2" passed="2" failed="0" skipped="0">
  <reporter-output>
  </reporter-output>
  <suite started-at="2023-05-14T22:39:46 IST" name="Suite" finished-at="2023-05-14T22:39:46 IST" duration-ms="43">
    <groups>
    </groups>
    <test started-at="2023-05-14T22:39:46 IST" name="Test" finished-at="2023-05-14T22:39:46 IST" duration-ms="43">
      <class name="pack1.Demo2Test">
        <test-method signature="tc1()[pri:0, instance:pack1.Demo2Test@4c1d9d4b]" started-at="2023-05-14T22:39:46 IST" name="tc1" finished-at="2023-05-14T22:39:46 IST" duration-ms="1" status="PASS">
          <reporter-output>
          </reporter-output>
        </test-method> <!-- tc1 -->
      </class> <!-- pack1.Demo2Test -->
      <class name="pack1.Sample">
        <test-method signature="tc1()[pri:0, instance:pack1.Sample@4fe767f3]" started-at="2023-05-14T22:39:46 IST" name="tc1" finished-at="2023-05-14T22:39:46 IST" duration-ms="3" status="PASS">
          <reporter-output>
          </reporter-output>
        </test-method> <!-- tc1 -->
      </class> <!-- pack1.Sample -->
    </test> <!-- Test -->
  </suite> <!-- Suite -->
</testng-results>
